<?xml version="1.0" encoding="UTF-8"?>
<!-- Generated by org.testng.reporters.JUnitXMLReporter -->
<testsuite hostname="DESKTOP-V12SF19" ignored="0" name="Test" tests="1" failures="1" timestamp="26 Feb 2021 04:24:37 GMT" time="3.219" errors="0">
  <testcase name="tc_01" time="0.711" classname="com.bhiman.tests.LoginPageScript">
    <failure type="java.lang.NullPointerException">
      <![CDATA[java.lang.NullPointerException
at com.bhiman.pages.LoginPage.enterMobileNumber(LoginPage.java:17)
at com.bhiman.tests.LoginPageScript.tc_01(LoginPageScript.java:18)
... Removed 25 stack frames]]>
    </failure>
  </testcase> <!-- tc_01 -->
</testsuite> <!-- Test -->
